\BOOKMARK [1][-]{section.1}{Introduction}{}% 1
\BOOKMARK [1][-]{section.2}{Notation}{}% 2
\BOOKMARK [1][-]{section.3}{Another Note}{}% 3
\BOOKMARK [1][-]{section.4}{Introductory Cryptographic Terminology and Notation}{}% 4
\BOOKMARK [2][-]{subsection.4.1}{Basic Communications Channels}{section.4}% 5
\BOOKMARK [2][-]{subsection.4.2}{Asymmetric and Symmetric Key Schemes}{section.4}% 6
\BOOKMARK [2][-]{subsection.4.3}{Complexity and Cryptography}{section.4}% 7
\BOOKMARK [2][-]{subsection.4.4}{Formal Definitions of Asymmetric \046 Symmetric Cryptography}{section.4}% 8
\BOOKMARK [3][-]{subsubsection.4.4.1}{Symmetric-key Cryptography}{subsection.4.4}% 9
\BOOKMARK [3][-]{subsubsection.4.4.2}{Asymmetric Key Cryptography}{subsection.4.4}% 10
\BOOKMARK [1][-]{section.5}{Semantic Security: Defining Security with Games}{}% 11
\BOOKMARK [2][-]{subsection.5.1}{Goldwasser \046 Micali's: Mental Poker and Partial Information}{section.5}% 12
\BOOKMARK [2][-]{subsection.5.2}{Weaknesses in the Assumptions of RSA}{section.5}% 13
\BOOKMARK [2][-]{subsection.5.3}{`Provable' Security}{section.5}% 14
\BOOKMARK [3][-]{subsubsection.5.3.1}{Mathematical Proofs vs. Security Proofs}{subsection.5.3}% 15
\BOOKMARK [1][-]{section.6}{Attack Models}{}% 16
\BOOKMARK [2][-]{subsection.6.1}{Known Plaintext Attack \(KPA\)}{section.6}% 17
\BOOKMARK [2][-]{subsection.6.2}{Chosen Plaintext Attacks \(CPA\)}{section.6}% 18
\BOOKMARK [2][-]{subsection.6.3}{Chosen Ciphertext Attacks \(CCA\)}{section.6}% 19
\BOOKMARK [1][-]{section.7}{Complexity and Cryptography}{}% 20
\BOOKMARK [2][-]{subsection.7.1}{Computational Problems}{section.7}% 21
\BOOKMARK [2][-]{subsection.7.2}{Complexity Issues}{section.7}% 22
\BOOKMARK [3][-]{subsubsection.7.2.1}{Hardness Assumptions}{subsection.7.2}% 23
\BOOKMARK [1][-]{section.8}{Quantum vs. Classical Cryptography}{}% 24
\BOOKMARK [2][-]{subsection.8.1}{Basic Definitions in Quantum Computing}{section.8}% 25
\BOOKMARK [2][-]{subsection.8.2}{Shor's Algorithm}{section.8}% 26
\BOOKMARK [2][-]{subsection.8.3}{Grover's Algorithm}{section.8}% 27
\BOOKMARK [2][-]{subsection.8.4}{Grover's Algorithm}{section.8}% 28
\BOOKMARK [1][-]{section.9}{Basic Lattice Concepts}{}% 29
\BOOKMARK [2][-]{subsection.9.1}{Short Integer Solution \(SIS\)}{section.9}% 30
\BOOKMARK [2][-]{subsection.9.2}{Learning with Parity \(LWP\)}{section.9}% 31
\BOOKMARK [2][-]{subsection.9.3}{Noisy Learning with Parity}{section.9}% 32
\BOOKMARK [2][-]{subsection.9.4}{Learning with Errors \(LWE\)}{section.9}% 33
\BOOKMARK [2][-]{subsection.9.5}{Ring-LWE \(RLWE\)}{section.9}% 34
\BOOKMARK [2][-]{subsection.9.6}{IR-LWE}{section.9}% 35
\BOOKMARK [1][-]{section.10}{Post-quantum Cryptography}{}% 36
\BOOKMARK [1][-]{section.11}{Lattice-based Cryptography \(LBC\)}{}% 37
\BOOKMARK [1][-]{section.12}{Ideal Lattice-based Cryptography}{}% 38
\BOOKMARK [2][-]{subsection.12.1}{Ideal Ring Lattice Cryptosystems}{section.12}% 39
\BOOKMARK [2][-]{subsection.12.2}{Principal Ideal Lattice Insecurities}{section.12}% 40
\BOOKMARK [1][-]{section.13}{Fully Homomorphic Encryption}{}% 41
\BOOKMARK [2][-]{subsection.13.1}{Homomorphic Properties of Cryptographic Schemes}{section.13}% 42
\BOOKMARK [2][-]{subsection.13.2}{Malleability Avoidance}{section.13}% 43
\BOOKMARK [2][-]{subsection.13.3}{Malleable on Purpose?}{section.13}% 44
\BOOKMARK [2][-]{subsection.13.4}{Operations on Arbitrary Circuits}{section.13}% 45
\BOOKMARK [2][-]{subsection.13.5}{Gentry's Fully Homomorphic Encryption Scheme}{section.13}% 46
\BOOKMARK [3][-]{subsubsection.13.5.1}{Overview of Gentry's Method}{subsection.13.5}% 47
\BOOKMARK [2][-]{subsection.13.6}{FHE Pseudocode}{section.13}% 48
\BOOKMARK [1][-]{section.14}{Counterexamples Win Out}{}% 49
\BOOKMARK [1][-]{section.15}{Soliloquy Construction}{}% 50
\BOOKMARK [2][-]{subsection.15.1}{Encryption \046 Decryption}{section.15}% 51
\BOOKMARK [3][-]{subsubsection.15.1.1}{Encryption}{subsection.15.1}% 52
\BOOKMARK [3][-]{subsubsection.15.1.2}{Decryption}{subsection.15.1}% 53
\BOOKMARK [2][-]{subsection.15.2}{Cramer et al. Classical Solution}{section.15}% 54
\BOOKMARK [1][-]{section.16}{Appendix A: Gauss' Circle Problem}{}% 55
\BOOKMARK [1][-]{section.17}{Appendix B: Base Security Objectives}{}% 56
\BOOKMARK [2][-]{subsection.17.1}{Derived Security Objectives}{section.17}% 57
\BOOKMARK [1][-]{section.18}{Appendix D: Time Complexity}{}% 58
\BOOKMARK [1][-]{section.19}{Appendix E: Lattices Laws}{}% 59
\BOOKMARK [1][-]{section.20}{Appendix G: Basic Definitions for Rings}{}% 60
